<?xml version="1.0" encoding="UTF-8"?>
<coverage generated="1700401890092" clover="3.2.0">
  <project timestamp="1700401890093" name="All files">
    <metrics statements="79" coveredstatements="75" conditionals="5" coveredconditionals="4" methods="26" coveredmethods="21" elements="110" coveredelements="100" complexity="0" loc="79" ncloc="79" packages="8" files="15" classes="15"/>
    <package name="Hooks">
      <metrics statements="3" coveredstatements="3" conditionals="0" coveredconditionals="0" methods="1" coveredmethods="1"/>
      <file name="reduxHooks.ts" path="C:\vscode\reactProj\rsSchoolReact\src\Hooks\reduxHooks.ts">
        <metrics statements="3" coveredstatements="3" conditionals="0" coveredconditionals="0" methods="1" coveredmethods="1"/>
        <line num="1" count="1" type="stmt"/>
        <line num="4" count="9" type="stmt"/>
        <line num="5" count="1" type="stmt"/>
      </file>
    </package>
    <package name="assets.images">
      <metrics statements="2" coveredstatements="2" conditionals="0" coveredconditionals="0" methods="0" coveredmethods="0"/>
      <file name="logo.png" path="C:\vscode\reactProj\rsSchoolReact\src\assets\images\logo.png">
        <metrics statements="1" coveredstatements="1" conditionals="0" coveredconditionals="0" methods="0" coveredmethods="0"/>
        <line num="1" count="1" type="stmt"/>
      </file>
      <file name="title.png" path="C:\vscode\reactProj\rsSchoolReact\src\assets\images\title.png">
        <metrics statements="1" coveredstatements="1" conditionals="0" coveredconditionals="0" methods="0" coveredmethods="0"/>
        <line num="1" count="1" type="stmt"/>
      </file>
    </package>
    <package name="components.Button">
      <metrics statements="7" coveredstatements="7" conditionals="0" coveredconditionals="0" methods="2" coveredmethods="2"/>
      <file name="Button.tsx" path="C:\vscode\reactProj\rsSchoolReact\src\components\Button\Button.tsx">
        <metrics statements="6" coveredstatements="6" conditionals="0" coveredconditionals="0" methods="1" coveredmethods="1"/>
        <line num="2" count="2" type="stmt"/>
        <line num="4" count="2" type="stmt"/>
        <line num="12" count="2" type="stmt"/>
        <line num="13" count="11" type="stmt"/>
        <line num="15" count="11" type="stmt"/>
        <line num="22" count="2" type="stmt"/>
      </file>
      <file name="index.ts" path="C:\vscode\reactProj\rsSchoolReact\src\components\Button\index.ts">
        <metrics statements="1" coveredstatements="1" conditionals="0" coveredconditionals="0" methods="1" coveredmethods="1"/>
        <line num="1" count="13" type="stmt"/>
      </file>
    </package>
    <package name="components.ErrorBoundary">
      <metrics statements="13" coveredstatements="12" conditionals="1" coveredconditionals="1" methods="6" coveredmethods="5"/>
      <file name="ErrorBoundary.tsx" path="C:\vscode\reactProj\rsSchoolReact\src\components\ErrorBoundary\ErrorBoundary.tsx">
        <metrics statements="12" coveredstatements="11" conditionals="1" coveredconditionals="1" methods="5" coveredmethods="4"/>
        <line num="1" count="1" type="stmt"/>
        <line num="3" count="1" type="stmt"/>
        <line num="16" count="2" type="stmt"/>
        <line num="17" count="1" type="stmt"/>
        <line num="21" count="2" type="stmt"/>
        <line num="25" count="1" type="stmt"/>
        <line num="28" count="1" type="stmt"/>
        <line num="29" count="0" type="stmt"/>
        <line num="33" count="3" type="cond" truecount="1" falsecount="0"/>
        <line num="34" count="2" type="stmt"/>
        <line num="69" count="1" type="stmt"/>
        <line num="73" count="1" type="stmt"/>
      </file>
      <file name="index.ts" path="C:\vscode\reactProj\rsSchoolReact\src\components\ErrorBoundary\index.ts">
        <metrics statements="1" coveredstatements="1" conditionals="0" coveredconditionals="0" methods="1" coveredmethods="1"/>
        <line num="1" count="2" type="stmt"/>
      </file>
    </package>
    <package name="components.Header">
      <metrics statements="26" coveredstatements="25" conditionals="1" coveredconditionals="1" methods="7" coveredmethods="4"/>
      <file name="Header.tsx" path="C:\vscode\reactProj\rsSchoolReact\src\components\Header\Header.tsx">
        <metrics statements="25" coveredstatements="24" conditionals="1" coveredconditionals="1" methods="6" coveredmethods="3"/>
        <line num="1" count="1" type="stmt"/>
        <line num="3" count="1" type="stmt"/>
        <line num="5" count="1" type="stmt"/>
        <line num="6" count="1" type="stmt"/>
        <line num="8" count="1" type="stmt"/>
        <line num="9" count="1" type="stmt"/>
        <line num="10" count="1" type="stmt"/>
        <line num="11" count="1" type="stmt"/>
        <line num="17" count="1" type="stmt"/>
        <line num="18" count="9" type="stmt"/>
        <line num="19" count="9" type="stmt"/>
        <line num="21" count="9" type="stmt"/>
        <line num="22" count="9" type="stmt"/>
        <line num="23" count="9" type="stmt"/>
        <line num="25" count="9" type="stmt"/>
        <line num="26" count="0" type="stmt"/>
        <line num="29" count="9" type="stmt"/>
        <line num="30" count="1" type="stmt"/>
        <line num="31" count="1" type="stmt"/>
        <line num="34" count="9" type="stmt"/>
        <line num="35" count="1" type="stmt"/>
        <line num="38" count="9" type="cond" truecount="1" falsecount="0"/>
        <line num="39" count="4" type="stmt"/>
        <line num="42" count="5" type="stmt"/>
        <line num="71" count="1" type="stmt"/>
      </file>
      <file name="index.ts" path="C:\vscode\reactProj\rsSchoolReact\src\components\Header\index.ts">
        <metrics statements="1" coveredstatements="1" conditionals="0" coveredconditionals="0" methods="1" coveredmethods="1"/>
        <line num="1" count="5" type="stmt"/>
      </file>
    </package>
    <package name="components.InputSearch">
      <metrics statements="8" coveredstatements="6" conditionals="3" coveredconditionals="2" methods="3" coveredmethods="2"/>
      <file name="InputSearch.tsx" path="C:\vscode\reactProj\rsSchoolReact\src\components\InputSearch\InputSearch.tsx">
        <metrics statements="7" coveredstatements="5" conditionals="3" coveredconditionals="2" methods="2" coveredmethods="1"/>
        <line num="2" count="2" type="stmt"/>
        <line num="12" count="2" type="stmt"/>
        <line num="19" count="6" type="stmt"/>
        <line num="20" count="0" type="cond" truecount="0" falsecount="1"/>
        <line num="21" count="0" type="stmt"/>
        <line num="25" count="6" type="stmt"/>
        <line num="38" count="2" type="stmt"/>
      </file>
      <file name="index.ts" path="C:\vscode\reactProj\rsSchoolReact\src\components\InputSearch\index.ts">
        <metrics statements="1" coveredstatements="1" conditionals="0" coveredconditionals="0" methods="1" coveredmethods="1"/>
        <line num="1" count="8" type="stmt"/>
      </file>
    </package>
    <package name="components.Loader">
      <metrics statements="5" coveredstatements="5" conditionals="0" coveredconditionals="0" methods="2" coveredmethods="2"/>
      <file name="Loader.tsx" path="C:\vscode\reactProj\rsSchoolReact\src\components\Loader\Loader.tsx">
        <metrics statements="4" coveredstatements="4" conditionals="0" coveredconditionals="0" methods="1" coveredmethods="1"/>
        <line num="1" count="1" type="stmt"/>
        <line num="3" count="1" type="stmt"/>
        <line num="4" count="1" type="stmt"/>
        <line num="16" count="1" type="stmt"/>
      </file>
      <file name="index.ts" path="C:\vscode\reactProj\rsSchoolReact\src\components\Loader\index.ts">
        <metrics statements="1" coveredstatements="1" conditionals="0" coveredconditionals="0" methods="1" coveredmethods="1"/>
        <line num="1" count="2" type="stmt"/>
      </file>
    </package>
    <package name="store">
      <metrics statements="15" coveredstatements="15" conditionals="0" coveredconditionals="0" methods="5" coveredmethods="5"/>
      <file name="inputValueSlice.ts" path="C:\vscode\reactProj\rsSchoolReact\src\store\inputValueSlice.ts">
        <metrics statements="6" coveredstatements="6" conditionals="0" coveredconditionals="0" methods="1" coveredmethods="1"/>
        <line num="1" count="2" type="stmt"/>
        <line num="7" count="2" type="stmt"/>
        <line num="11" count="2" type="stmt"/>
        <line num="16" count="1" type="stmt"/>
        <line num="21" count="2" type="stmt"/>
        <line num="23" count="2" type="stmt"/>
      </file>
      <file name="itemsPerPageSlice.ts" path="C:\vscode\reactProj\rsSchoolReact\src\store\itemsPerPageSlice.ts">
        <metrics statements="9" coveredstatements="9" conditionals="0" coveredconditionals="0" methods="4" coveredmethods="4"/>
        <line num="1" count="1" type="stmt"/>
        <line num="10" count="1" type="stmt"/>
        <line num="17" count="1" type="stmt"/>
        <line num="22" count="1" type="stmt"/>
        <line num="25" count="1" type="stmt"/>
        <line num="28" count="1" type="stmt"/>
        <line num="31" count="1" type="stmt"/>
        <line num="36" count="1" type="stmt"/>
        <line num="39" count="1" type="stmt"/>
      </file>
    </package>
  </project>
</coverage>
