{"C:\\vscode\\reactProj\\rsSchoolReact\\src\\Hooks\\reduxHooks.ts": {"path":"C:\\vscode\\reactProj\\rsSchoolReact\\src\\Hooks\\reduxHooks.ts","statementMap":{"0":{"start":{"line":1,"column":0},"end":{"line":1,"column":77}},"1":{"start":{"line":4,"column":30},"end":{"line":4,"column":62}},"2":{"start":{"line":4,"column":36},"end":{"line":4,"column":62}},"3":{"start":{"line":4,"column":13},"end":{"line":4,"column":30}},"4":{"start":{"line":5,"column":13},"end":{"line":5,"column":75}}},"fnMap":{"0":{"name":"(anonymous_0)","decl":{"start":{"line":4,"column":30},"end":{"line":4,"column":33}},"loc":{"start":{"line":4,"column":36},"end":{"line":4,"column":62}}}},"branchMap":{},"s":{"0":1,"1":1,"2":9,"3":1,"4":1},"f":{"0":9},"b":{}}
,"C:\\vscode\\reactProj\\rsSchoolReact\\src\\assets\\images\\logo.png": {"path":"C:\\vscode\\reactProj\\rsSchoolReact\\src\\assets\\images\\logo.png","statementMap":{"0":{"start":{"line":1,"column":0},"end":{"line":1,"column":28}}},"fnMap":{},"branchMap":{},"s":{"0":1},"f":{},"b":{},"_coverageSchema":"1a1c01bbd47fc00a2c39e90264f33305004495a9","hash":"dd617fb0e22c436197b93351b8463cea11e81458"}
,"C:\\vscode\\reactProj\\rsSchoolReact\\src\\assets\\images\\title.png": {"path":"C:\\vscode\\reactProj\\rsSchoolReact\\src\\assets\\images\\title.png","statementMap":{"0":{"start":{"line":1,"column":0},"end":{"line":1,"column":29}}},"fnMap":{},"branchMap":{},"s":{"0":1},"f":{},"b":{},"_coverageSchema":"1a1c01bbd47fc00a2c39e90264f33305004495a9","hash":"cc49bc5f342848fc6872e01c8dd27eeabc84f8b2"}
,"C:\\vscode\\reactProj\\rsSchoolReact\\src\\components\\Button\\Button.tsx": {"path":"C:\\vscode\\reactProj\\rsSchoolReact\\src\\components\\Button\\Button.tsx","statementMap":{"0":{"start":{"line":2,"column":0},"end":{"line":2,"column":36}},"1":{"start":{"line":4,"column":0},"end":{"line":4,"column":42}},"2":{"start":{"line":12,"column":32},"end":{"line":20,"column":1}},"3":{"start":{"line":13,"column":24},"end":{"line":13,"column":68}},"4":{"start":{"line":15,"column":2},"end":{"line":19,"column":4}},"5":{"start":{"line":22,"column":0},"end":{"line":22,"column":22}}},"fnMap":{"0":{"name":"(anonymous_1)","decl":{"start":{"line":12,"column":32},"end":{"line":12,"column":33}},"loc":{"start":{"line":12,"column":77},"end":{"line":20,"column":1}}}},"branchMap":{},"s":{"0":2,"1":2,"2":2,"3":11,"4":11,"5":2},"f":{"0":11},"b":{}}
,"C:\\vscode\\reactProj\\rsSchoolReact\\src\\components\\Button\\index.ts": {"path":"C:\\vscode\\reactProj\\rsSchoolReact\\src\\components\\Button\\index.ts","statementMap":{"0":{"start":{"line":1,"column":0},"end":{"line":1,"column":9}},"1":{"start":{"line":1,"column":9},"end":{"line":1,"column":26}}},"fnMap":{"0":{"name":"(anonymous_1)","decl":{"start":{"line":1,"column":9},"end":{"line":1,"column":16}},"loc":{"start":{"line":1,"column":9},"end":{"line":1,"column":26}}}},"branchMap":{},"s":{"0":2,"1":13},"f":{"0":11},"b":{}}
,"C:\\vscode\\reactProj\\rsSchoolReact\\src\\components\\ErrorBoundary\\ErrorBoundary.tsx": {"path":"C:\\vscode\\reactProj\\rsSchoolReact\\src\\components\\ErrorBoundary\\ErrorBoundary.tsx","statementMap":{"0":{"start":{"line":1,"column":0},"end":{"line":1,"column":52}},"1":{"start":{"line":3,"column":0},"end":{"line":3,"column":49}},"2":{"start":{"line":16,"column":4},"end":{"line":16,"column":17}},"3":{"start":{"line":17,"column":4},"end":{"line":17,"column":50}},"4":{"start":{"line":21,"column":4},"end":{"line":21,"column":37}},"5":{"start":{"line":25,"column":4},"end":{"line":25,"column":36}},"6":{"start":{"line":28,"column":15},"end":{"line":30,"column":3}},"7":{"start":{"line":29,"column":4},"end":{"line":29,"column":29}},"8":{"start":{"line":33,"column":4},"end":{"line":68,"column":null}},"9":{"start":{"line":34,"column":6},"end":{"line":67,"column":8}},"10":{"start":{"line":69,"column":4},"end":{"line":69,"column":31}},"11":{"start":{"line":73,"column":0},"end":{"line":73,"column":29}}},"fnMap":{"0":{"name":"(anonymous_1)","decl":{"start":{"line":15,"column":2},"end":{"line":15,"column":14}},"loc":{"start":{"line":15,"column":39},"end":{"line":18,"column":3}}},"1":{"name":"(anonymous_2)","decl":{"start":{"line":20,"column":2},"end":{"line":20,"column":8}},"loc":{"start":{"line":20,"column":46},"end":{"line":22,"column":3}}},"2":{"name":"(anonymous_3)","decl":{"start":{"line":24,"column":2},"end":{"line":24,"column":19}},"loc":{"start":{"line":24,"column":60},"end":{"line":26,"column":3}}},"3":{"name":"(anonymous_4)","decl":{"start":{"line":28,"column":15},"end":{"line":28,"column":18}},"loc":{"start":{"line":28,"column":20},"end":{"line":30,"column":3}}},"4":{"name":"(anonymous_5)","decl":{"start":{"line":32,"column":2},"end":{"line":32,"column":8}},"loc":{"start":{"line":32,"column":8},"end":{"line":70,"column":3}}}},"branchMap":{"0":{"loc":{"start":{"line":33,"column":4},"end":{"line":68,"column":null}},"type":"if","locations":[{"start":{"line":33,"column":4},"end":{"line":68,"column":null}}]}},"s":{"0":1,"1":1,"2":2,"3":1,"4":2,"5":1,"6":1,"7":0,"8":3,"9":2,"10":1,"11":1},"f":{"0":2,"1":2,"2":1,"3":0,"4":3},"b":{"0":[2]}}
,"C:\\vscode\\reactProj\\rsSchoolReact\\src\\components\\ErrorBoundary\\index.ts": {"path":"C:\\vscode\\reactProj\\rsSchoolReact\\src\\components\\ErrorBoundary\\index.ts","statementMap":{"0":{"start":{"line":1,"column":0},"end":{"line":1,"column":9}},"1":{"start":{"line":1,"column":9},"end":{"line":1,"column":33}}},"fnMap":{"0":{"name":"(anonymous_1)","decl":{"start":{"line":1,"column":9},"end":{"line":1,"column":16}},"loc":{"start":{"line":1,"column":9},"end":{"line":1,"column":33}}}},"branchMap":{},"s":{"0":1,"1":2},"f":{"0":1},"b":{}}
,"C:\\vscode\\reactProj\\rsSchoolReact\\src\\components\\Header\\Header.tsx": {"path":"C:\\vscode\\reactProj\\rsSchoolReact\\src\\components\\Header\\Header.tsx","statementMap":{"0":{"start":{"line":1,"column":0},"end":{"line":1,"column":40}},"1":{"start":{"line":3,"column":0},"end":{"line":3,"column":42}},"2":{"start":{"line":5,"column":0},"end":{"line":5,"column":35}},"3":{"start":{"line":6,"column":0},"end":{"line":6,"column":45}},"4":{"start":{"line":8,"column":0},"end":{"line":8,"column":72}},"5":{"start":{"line":9,"column":0},"end":{"line":9,"column":48}},"6":{"start":{"line":10,"column":0},"end":{"line":10,"column":50}},"7":{"start":{"line":11,"column":0},"end":{"line":11,"column":60}},"8":{"start":{"line":17,"column":32},"end":{"line":69,"column":1}},"9":{"start":{"line":18,"column":19},"end":{"line":18,"column":35}},"10":{"start":{"line":19,"column":22},"end":{"line":19,"column":78}},"11":{"start":{"line":19,"column":48},"end":{"line":19,"column":77}},"12":{"start":{"line":21,"column":21},"end":{"line":21,"column":70}},"13":{"start":{"line":21,"column":47},"end":{"line":21,"column":69}},"14":{"start":{"line":22,"column":34},"end":{"line":22,"column":49}},"15":{"start":{"line":23,"column":40},"end":{"line":23,"column":60}},"16":{"start":{"line":25,"column":28},"end":{"line":27,"column":3}},"17":{"start":{"line":26,"column":4},"end":{"line":26,"column":39}},"18":{"start":{"line":29,"column":23},"end":{"line":32,"column":3}},"19":{"start":{"line":30,"column":4},"end":{"line":30,"column":41}},"20":{"start":{"line":31,"column":4},"end":{"line":31,"column":23}},"21":{"start":{"line":34,"column":26},"end":{"line":36,"column":3}},"22":{"start":{"line":35,"column":4},"end":{"line":35,"column":22}},"23":{"start":{"line":38,"column":2},"end":{"line":40,"column":null}},"24":{"start":{"line":39,"column":4},"end":{"line":39,"column":69}},"25":{"start":{"line":42,"column":2},"end":{"line":68,"column":4}},"26":{"start":{"line":71,"column":0},"end":{"line":71,"column":22}}},"fnMap":{"0":{"name":"(anonymous_1)","decl":{"start":{"line":17,"column":32},"end":{"line":17,"column":33}},"loc":{"start":{"line":17,"column":55},"end":{"line":69,"column":1}}},"1":{"name":"(anonymous_2)","decl":{"start":{"line":19,"column":37},"end":{"line":19,"column":38}},"loc":{"start":{"line":19,"column":48},"end":{"line":19,"column":77}}},"2":{"name":"(anonymous_3)","decl":{"start":{"line":21,"column":36},"end":{"line":21,"column":37}},"loc":{"start":{"line":21,"column":47},"end":{"line":21,"column":69}}},"3":{"name":"(anonymous_4)","decl":{"start":{"line":25,"column":28},"end":{"line":25,"column":29}},"loc":{"start":{"line":25,"column":75},"end":{"line":27,"column":3}}},"4":{"name":"(anonymous_5)","decl":{"start":{"line":29,"column":23},"end":{"line":29,"column":26}},"loc":{"start":{"line":29,"column":28},"end":{"line":32,"column":3}}},"5":{"name":"(anonymous_6)","decl":{"start":{"line":34,"column":26},"end":{"line":34,"column":29}},"loc":{"start":{"line":34,"column":31},"end":{"line":36,"column":3}}}},"branchMap":{"0":{"loc":{"start":{"line":38,"column":2},"end":{"line":40,"column":null}},"type":"if","locations":[{"start":{"line":38,"column":2},"end":{"line":40,"column":null}}]}},"s":{"0":1,"1":1,"2":1,"3":1,"4":1,"5":1,"6":1,"7":1,"8":1,"9":9,"10":9,"11":0,"12":9,"13":0,"14":9,"15":9,"16":9,"17":0,"18":9,"19":1,"20":1,"21":9,"22":1,"23":9,"24":4,"25":5,"26":1},"f":{"0":9,"1":0,"2":0,"3":0,"4":1,"5":1},"b":{"0":[4]}}
,"C:\\vscode\\reactProj\\rsSchoolReact\\src\\components\\Header\\index.ts": {"path":"C:\\vscode\\reactProj\\rsSchoolReact\\src\\components\\Header\\index.ts","statementMap":{"0":{"start":{"line":1,"column":0},"end":{"line":1,"column":9}},"1":{"start":{"line":1,"column":9},"end":{"line":1,"column":26}}},"fnMap":{"0":{"name":"(anonymous_1)","decl":{"start":{"line":1,"column":9},"end":{"line":1,"column":16}},"loc":{"start":{"line":1,"column":9},"end":{"line":1,"column":26}}}},"branchMap":{},"s":{"0":1,"1":5},"f":{"0":4},"b":{}}
,"C:\\vscode\\reactProj\\rsSchoolReact\\src\\components\\InputSearch\\InputSearch.tsx": {"path":"C:\\vscode\\reactProj\\rsSchoolReact\\src\\components\\InputSearch\\InputSearch.tsx","statementMap":{"0":{"start":{"line":2,"column":0},"end":{"line":2,"column":47}},"1":{"start":{"line":12,"column":37},"end":{"line":36,"column":1}},"2":{"start":{"line":19,"column":24},"end":{"line":23,"column":3}},"3":{"start":{"line":20,"column":4},"end":{"line":22,"column":null}},"4":{"start":{"line":21,"column":6},"end":{"line":21,"column":22}},"5":{"start":{"line":25,"column":2},"end":{"line":35,"column":4}},"6":{"start":{"line":38,"column":0},"end":{"line":38,"column":27}}},"fnMap":{"0":{"name":"(anonymous_1)","decl":{"start":{"line":12,"column":37},"end":{"line":12,"column":38}},"loc":{"start":{"line":18,"column":5},"end":{"line":36,"column":1}}},"1":{"name":"(anonymous_2)","decl":{"start":{"line":19,"column":24},"end":{"line":19,"column":25}},"loc":{"start":{"line":19,"column":73},"end":{"line":23,"column":3}}}},"branchMap":{"0":{"loc":{"start":{"line":20,"column":4},"end":{"line":22,"column":null}},"type":"if","locations":[{"start":{"line":20,"column":4},"end":{"line":22,"column":null}}]},"1":{"loc":{"start":{"line":31,"column":13},"end":{"line":31,"column":30}},"type":"binary-expr","locations":[{"start":{"line":31,"column":13},"end":{"line":31,"column":24}},{"start":{"line":31,"column":28},"end":{"line":31,"column":30}}]}},"s":{"0":2,"1":2,"2":6,"3":0,"4":0,"5":6,"6":2},"f":{"0":6,"1":0},"b":{"0":[0],"1":[6,3]}}
,"C:\\vscode\\reactProj\\rsSchoolReact\\src\\components\\InputSearch\\index.ts": {"path":"C:\\vscode\\reactProj\\rsSchoolReact\\src\\components\\InputSearch\\index.ts","statementMap":{"0":{"start":{"line":1,"column":0},"end":{"line":1,"column":9}},"1":{"start":{"line":1,"column":9},"end":{"line":1,"column":31}}},"fnMap":{"0":{"name":"(anonymous_1)","decl":{"start":{"line":1,"column":9},"end":{"line":1,"column":16}},"loc":{"start":{"line":1,"column":9},"end":{"line":1,"column":31}}}},"branchMap":{},"s":{"0":2,"1":8},"f":{"0":6},"b":{}}
,"C:\\vscode\\reactProj\\rsSchoolReact\\src\\components\\Loader\\Loader.tsx": {"path":"C:\\vscode\\reactProj\\rsSchoolReact\\src\\components\\Loader\\Loader.tsx","statementMap":{"0":{"start":{"line":1,"column":0},"end":{"line":1,"column":42}},"1":{"start":{"line":3,"column":25},"end":{"line":14,"column":1}},"2":{"start":{"line":4,"column":2},"end":{"line":13,"column":4}},"3":{"start":{"line":16,"column":0},"end":{"line":16,"column":22}}},"fnMap":{"0":{"name":"(anonymous_1)","decl":{"start":{"line":3,"column":25},"end":{"line":3,"column":28}},"loc":{"start":{"line":3,"column":30},"end":{"line":14,"column":1}}}},"branchMap":{},"s":{"0":1,"1":1,"2":1,"3":1},"f":{"0":1},"b":{}}
,"C:\\vscode\\reactProj\\rsSchoolReact\\src\\components\\Loader\\index.ts": {"path":"C:\\vscode\\reactProj\\rsSchoolReact\\src\\components\\Loader\\index.ts","statementMap":{"0":{"start":{"line":1,"column":0},"end":{"line":1,"column":9}},"1":{"start":{"line":1,"column":9},"end":{"line":1,"column":26}}},"fnMap":{"0":{"name":"(anonymous_1)","decl":{"start":{"line":1,"column":9},"end":{"line":1,"column":16}},"loc":{"start":{"line":1,"column":9},"end":{"line":1,"column":26}}}},"branchMap":{},"s":{"0":1,"1":2},"f":{"0":1},"b":{}}
,"C:\\vscode\\reactProj\\rsSchoolReact\\src\\store\\inputValueSlice.ts": {"path":"C:\\vscode\\reactProj\\rsSchoolReact\\src\\store\\inputValueSlice.ts","statementMap":{"0":{"start":{"line":1,"column":0},"end":{"line":1,"column":62}},"1":{"start":{"line":7,"column":38},"end":{"line":9,"column":2}},"2":{"start":{"line":11,"column":21},"end":{"line":19,"column":2}},"3":{"start":{"line":16,"column":6},"end":{"line":16,"column":35}},"4":{"start":{"line":21,"column":15},"end":{"line":21,"column":54}},"5":{"start":{"line":23,"column":0},"end":{"line":23,"column":36}}},"fnMap":{"0":{"name":"(anonymous_0)","decl":{"start":{"line":15,"column":4},"end":{"line":15,"column":17}},"loc":{"start":{"line":15,"column":54},"end":{"line":17,"column":5}}}},"branchMap":{},"s":{"0":2,"1":2,"2":2,"3":1,"4":2,"5":2},"f":{"0":1},"b":{}}
,"C:\\vscode\\reactProj\\rsSchoolReact\\src\\store\\itemsPerPageSlice.ts": {"path":"C:\\vscode\\reactProj\\rsSchoolReact\\src\\store\\itemsPerPageSlice.ts","statementMap":{"0":{"start":{"line":1,"column":0},"end":{"line":1,"column":62}},"1":{"start":{"line":10,"column":39},"end":{"line":15,"column":2}},"2":{"start":{"line":17,"column":25},"end":{"line":34,"column":2}},"3":{"start":{"line":22,"column":6},"end":{"line":22,"column":41}},"4":{"start":{"line":25,"column":6},"end":{"line":25,"column":36}},"5":{"start":{"line":28,"column":6},"end":{"line":28,"column":41}},"6":{"start":{"line":31,"column":6},"end":{"line":31,"column":38}},"7":{"start":{"line":36,"column":13},"end":{"line":36,"column":null}},"8":{"start":{"line":39,"column":0},"end":{"line":39,"column":40}}},"fnMap":{"0":{"name":"(anonymous_0)","decl":{"start":{"line":21,"column":4},"end":{"line":21,"column":21}},"loc":{"start":{"line":21,"column":58},"end":{"line":23,"column":5}}},"1":{"name":"(anonymous_1)","decl":{"start":{"line":24,"column":4},"end":{"line":24,"column":22}},"loc":{"start":{"line":24,"column":59},"end":{"line":26,"column":5}}},"2":{"name":"(anonymous_2)","decl":{"start":{"line":27,"column":4},"end":{"line":27,"column":21}},"loc":{"start":{"line":27,"column":58},"end":{"line":29,"column":5}}},"3":{"name":"(anonymous_3)","decl":{"start":{"line":30,"column":4},"end":{"line":30,"column":18}},"loc":{"start":{"line":30,"column":55},"end":{"line":32,"column":5}}}},"branchMap":{},"s":{"0":1,"1":1,"2":1,"3":1,"4":1,"5":1,"6":1,"7":1,"8":1},"f":{"0":1,"1":1,"2":1,"3":1},"b":{}}
}
