TN:
SF:src\Hooks\reduxHooks.ts
FN:4,(anonymous_0)
FNF:1
FNH:1
FNDA:9,(anonymous_0)
DA:1,1
DA:4,9
DA:5,1
LF:3
LH:3
BRF:0
BRH:0
end_of_record
TN:
SF:src\assets\images\logo.png
FNF:0
FNH:0
DA:1,1
LF:1
LH:1
BRF:0
BRH:0
end_of_record
TN:
SF:src\assets\images\title.png
FNF:0
FNH:0
DA:1,1
LF:1
LH:1
BRF:0
BRH:0
end_of_record
TN:
SF:src\components\Button\Button.tsx
FN:12,(anonymous_1)
FNF:1
FNH:1
FNDA:11,(anonymous_1)
DA:2,2
DA:4,2
DA:12,2
DA:13,11
DA:15,11
DA:22,2
LF:6
LH:6
BRF:0
BRH:0
end_of_record
TN:
SF:src\components\Button\index.ts
FN:1,(anonymous_1)
FNF:1
FNH:1
FNDA:11,(anonymous_1)
DA:1,13
LF:1
LH:1
BRF:0
BRH:0
end_of_record
TN:
SF:src\components\ErrorBoundary\ErrorBoundary.tsx
FN:15,(anonymous_1)
FN:20,(anonymous_2)
FN:24,(anonymous_3)
FN:28,(anonymous_4)
FN:32,(anonymous_5)
FNF:5
FNH:4
FNDA:2,(anonymous_1)
FNDA:2,(anonymous_2)
FNDA:1,(anonymous_3)
FNDA:0,(anonymous_4)
FNDA:3,(anonymous_5)
DA:1,1
DA:3,1
DA:16,2
DA:17,1
DA:21,2
DA:25,1
DA:28,1
DA:29,0
DA:33,3
DA:34,2
DA:69,1
DA:73,1
LF:12
LH:11
BRDA:33,0,0,2
BRF:1
BRH:1
end_of_record
TN:
SF:src\components\ErrorBoundary\index.ts
FN:1,(anonymous_1)
FNF:1
FNH:1
FNDA:1,(anonymous_1)
DA:1,2
LF:1
LH:1
BRF:0
BRH:0
end_of_record
TN:
SF:src\components\Header\Header.tsx
FN:17,(anonymous_1)
FN:19,(anonymous_2)
FN:21,(anonymous_3)
FN:25,(anonymous_4)
FN:29,(anonymous_5)
FN:34,(anonymous_6)
FNF:6
FNH:3
FNDA:9,(anonymous_1)
FNDA:0,(anonymous_2)
FNDA:0,(anonymous_3)
FNDA:0,(anonymous_4)
FNDA:1,(anonymous_5)
FNDA:1,(anonymous_6)
DA:1,1
DA:3,1
DA:5,1
DA:6,1
DA:8,1
DA:9,1
DA:10,1
DA:11,1
DA:17,1
DA:18,9
DA:19,9
DA:21,9
DA:22,9
DA:23,9
DA:25,9
DA:26,0
DA:29,9
DA:30,1
DA:31,1
DA:34,9
DA:35,1
DA:38,9
DA:39,4
DA:42,5
DA:71,1
LF:25
LH:24
BRDA:38,0,0,4
BRF:1
BRH:1
end_of_record
TN:
SF:src\components\Header\index.ts
FN:1,(anonymous_1)
FNF:1
FNH:1
FNDA:4,(anonymous_1)
DA:1,5
LF:1
LH:1
BRF:0
BRH:0
end_of_record
TN:
SF:src\components\InputSearch\InputSearch.tsx
FN:12,(anonymous_1)
FN:19,(anonymous_2)
FNF:2
FNH:1
FNDA:6,(anonymous_1)
FNDA:0,(anonymous_2)
DA:2,2
DA:12,2
DA:19,6
DA:20,0
DA:21,0
DA:25,6
DA:38,2
LF:7
LH:5
BRDA:20,0,0,0
BRDA:31,1,0,6
BRDA:31,1,1,3
BRF:3
BRH:2
end_of_record
TN:
SF:src\components\InputSearch\index.ts
FN:1,(anonymous_1)
FNF:1
FNH:1
FNDA:6,(anonymous_1)
DA:1,8
LF:1
LH:1
BRF:0
BRH:0
end_of_record
TN:
SF:src\components\Loader\Loader.tsx
FN:3,(anonymous_1)
FNF:1
FNH:1
FNDA:1,(anonymous_1)
DA:1,1
DA:3,1
DA:4,1
DA:16,1
LF:4
LH:4
BRF:0
BRH:0
end_of_record
TN:
SF:src\components\Loader\index.ts
FN:1,(anonymous_1)
FNF:1
FNH:1
FNDA:1,(anonymous_1)
DA:1,2
LF:1
LH:1
BRF:0
BRH:0
end_of_record
TN:
SF:src\store\inputValueSlice.ts
FN:15,(anonymous_0)
FNF:1
FNH:1
FNDA:1,(anonymous_0)
DA:1,2
DA:7,2
DA:11,2
DA:16,1
DA:21,2
DA:23,2
LF:6
LH:6
BRF:0
BRH:0
end_of_record
TN:
SF:src\store\itemsPerPageSlice.ts
FN:21,(anonymous_0)
FN:24,(anonymous_1)
FN:27,(anonymous_2)
FN:30,(anonymous_3)
FNF:4
FNH:4
FNDA:1,(anonymous_0)
FNDA:1,(anonymous_1)
FNDA:1,(anonymous_2)
FNDA:1,(anonymous_3)
DA:1,1
DA:10,1
DA:17,1
DA:22,1
DA:25,1
DA:28,1
DA:31,1
DA:36,1
DA:39,1
LF:9
LH:9
BRF:0
BRH:0
end_of_record
